Using pre-set license
Built from '2021.3/staging' branch; Version is '2021.3.20f1 (577897200b8b) revision 5732503'; Using compiler version '192829333'; Build Type 'Release'
OS: 'Windows 11  (10.0.22621) 64bit Core' Language: 'en' Physical Memory: 8105 MB
BatchMode: 1, IsHumanControllingUs: 0, StartBugReporterOnCrash: 0, Is64bit: 1, IsPro: 1

COMMAND LINE ARGUMENTS:
D:\Software\Application\Unity Editors\2021.3.20f1\Editor\Unity.exe
-adb2
-batchMode
-noUpm
-name
AssetImportWorker371
-projectPath
D:/Data/Code/Unity/Game Assignment 2D Final
-logFile
Logs/AssetImportWorker371.log
-srvPort
58783
Successfully changed project path to: D:/Data/Code/Unity/Game Assignment 2D Final
D:/Data/Code/Unity/Game Assignment 2D Final
[UnityMemory] Configuration Parameters - Can be set up in boot.config
    "memorysetup-bucket-allocator-granularity=16"
    "memorysetup-bucket-allocator-bucket-count=8"
    "memorysetup-bucket-allocator-block-size=33554432"
    "memorysetup-bucket-allocator-block-count=8"
    "memorysetup-main-allocator-block-size=16777216"
    "memorysetup-thread-allocator-block-size=16777216"
    "memorysetup-gfx-main-allocator-block-size=16777216"
    "memorysetup-gfx-thread-allocator-block-size=16777216"
    "memorysetup-cache-allocator-block-size=4194304"
    "memorysetup-typetree-allocator-block-size=2097152"
    "memorysetup-profiler-bucket-allocator-granularity=16"
    "memorysetup-profiler-bucket-allocator-bucket-count=8"
    "memorysetup-profiler-bucket-allocator-block-size=33554432"
    "memorysetup-profiler-bucket-allocator-block-count=8"
    "memorysetup-profiler-allocator-block-size=16777216"
    "memorysetup-profiler-editor-allocator-block-size=1048576"
    "memorysetup-temp-allocator-size-main=16777216"
    "memorysetup-job-temp-allocator-block-size=2097152"
    "memorysetup-job-temp-allocator-block-size-background=1048576"
    "memorysetup-job-temp-allocator-reduction-small-platforms=262144"
    "memorysetup-temp-allocator-size-background-worker=32768"
    "memorysetup-temp-allocator-size-job-worker=262144"
    "memorysetup-temp-allocator-size-preload-manager=33554432"
    "memorysetup-temp-allocator-size-nav-mesh-worker=65536"
    "memorysetup-temp-allocator-size-audio-worker=65536"
    "memorysetup-temp-allocator-size-cloud-worker=32768"
    "memorysetup-temp-allocator-size-gi-baking-worker=262144"
    "memorysetup-temp-allocator-size-gfx=262144"
Player connection [1728] Host "[IP] 192.168.1.15 [Port] 0 [Flags] 2 [Guid] 1327014354 [EditorId] 1327014354 [Version] 1048832 [Id] WindowsEditor(7,Matthew_Desktop) [Debug] 1 [PackageName] WindowsEditor [ProjectName] Editor" joined multi-casting on [225.0.0.222:54997]...

Player connection [1728] Host "[IP] 192.168.1.15 [Port] 0 [Flags] 2 [Guid] 1327014354 [EditorId] 1327014354 [Version] 1048832 [Id] WindowsEditor(7,Matthew_Desktop) [Debug] 1 [PackageName] WindowsEditor [ProjectName] Editor" joined alternative multi-casting on [225.0.0.222:34997]...

mdb reader table full -> cleaning up stale readers. Current readers:
    pid     thread     txnid
     16548 5eec -
      2492 3770 -
     16548 67f0 -
      4880 4a28 -
     20748 374c -
     25656 2878 -
     27112 44c8 -
     28332 5440 -
     23884 4f94 -
     24108 1c20 -
      5944 77c -
      6292 1b60 -
     27376 36d4 -
     22644 1608 -
      9024 71dc -
     24600 46ac -
      9884 5014 -
     22048 4c68 -
     24468 4894 -
     17764 31c4 -
      5288 40e4 -
      8296 788 -
      3228 6b28 -
     24444 df4 -
     17532 5864 -
     22256 3864 -
     27636 604 -
      9236 548 -
     15980 5a68 -
     20584 3228 -
     19196 5e20 -
     27900 6670 -
     27620 2f8c -
      3724 4810 -
     16976 73cc -
     18880 1fc0 -
     15588 6bb0 -
     14576 1dd4 -
     20100 43d4 -
     20520 fe0 -
     20392 5fd4 -
     18608 3284 -
      6276 1720 -
     10524 2acc -
     18368 2e38 -
     16016 5a1c -
     26040 42ac -
     19540 6e70 -
     20096 1f68 -
     14848 3cb4 -
     26860 3a18 -
     13404 2354 -
     24172 69c4 -
      6912 48f4 -
     22292 6c04 -
     17900 5d08 -
      1556 5460 -
     10200 610 -
     25692 2fe4 -
     29100 54cc -
     24384 5540 -
     16728 30c -
     24412 70b8 -
     12624 5f1c -
     29212 50a4 -
      6776 3cc0 -
     11252 5b5c -
     24848 33c0 -
     10916 3cac -
     23056 4b00 -
      4060 6250 -
     10732 2f68 -
     20596 e38 -
     24352 5898 -
      1156 3b28 -
     16032 5884 -
      2776 2230 -
     10692 19dc -
     18416 4e60 -
     16468 1954 -
     16304 44a4 -
     16172 1ab0 -
     22688 5c78 -
     28732 6f34 -
      6448 70e4 -
     26612 3140 -
      8776 6320 -
      4740 42c -
     17848 428c -
     24332 3ec8 -
      9668 3cbc -
     12688 4d4c -
      1108 5b10 -
     14668 2b60 -
     17100 3858 -
      7464 4dfc -
     28256 714c -
     19584 149c -
      6696 1e1c -
      1208 2534 -
       552 2f34 -
      1164 3ffc -
      1876 42bc -
      1908 2bfc -
     22044 5f8c -
      8020 6774 -
     29056 2278 -
      1348 6d5c -
     25124 533c -
     18820 7030 -
      4012 5eb0 -
      7904 3854 -
     19752 494 -
      8268 397c -
     25136 3bc4 -
     20344 4704 -
     15660 4078 -
     23160 34fc -
      2724 739c -
     10960 3324 -
     22024 620c -
     24420 540c -
      8904 5354 -
      2420 d84 -
      4324 1ec0 -
      7560 6558 -
Cleaned out 124 stale readers
Refreshing native plugins compatible for Editor in 573.42 ms, found 4 plugins.
Preloading 0 native plugins for Editor in 0.00 ms.
Initialize engine version: 2021.3.20f1 (577897200b8b)
[Subsystems] Discovering subsystems at path D:/Software/Application/Unity Editors/2021.3.20f1/Editor/Data/Resources/UnitySubsystems
[Subsystems] Discovering subsystems at path D:/Data/Code/Unity/Game Assignment 2D Final/Assets
GfxDevice: creating device client; threaded=0; jobified=0
Direct3D:
    Version:  Direct3D 11.0 [level 11.1]
    Renderer: NVIDIA GeForce GTX 1050 (ID=0x1c81)
    Vendor:   NVIDIA
    VRAM:     1976 MB
    Driver:   31.0.15.3141
Initialize mono
Mono path[0] = 'D:/Software/Application/Unity Editors/2021.3.20f1/Editor/Data/Managed'
Mono path[1] = 'D:/Software/Application/Unity Editors/2021.3.20f1/Editor/Data/MonoBleedingEdge/lib/mono/unityjit-win32'
Mono config path = 'D:/Software/Application/Unity Editors/2021.3.20f1/Editor/Data/MonoBleedingEdge/etc'
Using monoOptions --debugger-agent=transport=dt_socket,embedding=1,server=y,suspend=n,address=127.0.0.1:56268
Begin MonoManager ReloadAssembly
Registering precompiled unity dll's ...
Register platform support module: D:/Software/Application/Unity Editors/2021.3.20f1/Editor/Data/PlaybackEngines/WebGLSupport/UnityEditor.WebGL.Extensions.dll
Register platform support module: D:/Software/Application/Unity Editors/2021.3.20f1/Editor/Data/PlaybackEngines/WindowsStandaloneSupport/UnityEditor.WindowsStandalone.Extensions.dll
Registered in 0.040386 seconds.
Native extension for WindowsStandalone target not found
Native extension for WebGL target not found
Refreshing native plugins compatible for Editor in 246.17 ms, found 4 plugins.
Preloading 0 native plugins for Editor in 0.00 ms.
Mono: successfully reloaded assembly
- Completed reload, in  2.050 seconds
Domain Reload Profiling:
	ReloadAssembly (2051ms)
		BeginReloadAssembly (656ms)
			ExecutionOrderSort (0ms)
			DisableScriptedObjects (0ms)
			BackupInstance (0ms)
			ReleaseScriptingObjects (0ms)
			CreateAndSetChildDomain (1ms)
		EndReloadAssembly (1189ms)
			LoadAssemblies (661ms)
			RebuildTransferFunctionScriptingTraits (0ms)
			SetupTypeCache (186ms)
			ReleaseScriptCaches (0ms)
			RebuildScriptCaches (46ms)
			SetupLoadedEditorAssemblies (864ms)
				LogAssemblyErrors (0ms)
				InitializePlatformSupportModulesInManaged (13ms)
				SetLoadedEditorAssemblies (0ms)
				RefreshPlugins (246ms)
				BeforeProcessingInitializeOnLoad (3ms)
				ProcessInitializeOnLoadAttributes (446ms)
				ProcessInitializeOnLoadMethodAttributes (155ms)
				AfterProcessingInitializeOnLoad (0ms)
				EditorAssembliesLoaded (0ms)
			ExecutionOrderSort2 (0ms)
			AwakeInstancesAfterBackupRestoration (0ms)
Platform modules already initialized, skipping
Registering precompiled user dll's ...
Registered in 0.307931 seconds.
