Using pre-set license
Built from '2021.3/staging' branch; Version is '2021.3.20f1 (577897200b8b) revision 5732503'; Using compiler version '192829333'; Build Type 'Release'
OS: 'Windows 11  (10.0.22621) 64bit Core' Language: 'en' Physical Memory: 8105 MB
BatchMode: 1, IsHumanControllingUs: 0, StartBugReporterOnCrash: 0, Is64bit: 1, IsPro: 1

COMMAND LINE ARGUMENTS:
D:\Software\Application\Unity Editors\2021.3.20f1\Editor\Unity.exe
-adb2
-batchMode
-noUpm
-name
AssetImportWorker125
-projectPath
D:/Data/Code/Unity/Game Assignment 2D Final
-logFile
Logs/AssetImportWorker125.log
-srvPort
58783
Successfully changed project path to: D:/Data/Code/Unity/Game Assignment 2D Final
D:/Data/Code/Unity/Game Assignment 2D Final
[UnityMemory] Configuration Parameters - Can be set up in boot.config
    "memorysetup-bucket-allocator-granularity=16"
    "memorysetup-bucket-allocator-bucket-count=8"
    "memorysetup-bucket-allocator-block-size=33554432"
    "memorysetup-bucket-allocator-block-count=8"
    "memorysetup-main-allocator-block-size=16777216"
    "memorysetup-thread-allocator-block-size=16777216"
    "memorysetup-gfx-main-allocator-block-size=16777216"
    "memorysetup-gfx-thread-allocator-block-size=16777216"
    "memorysetup-cache-allocator-block-size=4194304"
    "memorysetup-typetree-allocator-block-size=2097152"
    "memorysetup-profiler-bucket-allocator-granularity=16"
    "memorysetup-profiler-bucket-allocator-bucket-count=8"
    "memorysetup-profiler-bucket-allocator-block-size=33554432"
    "memorysetup-profiler-bucket-allocator-block-count=8"
    "memorysetup-profiler-allocator-block-size=16777216"
    "memorysetup-profiler-editor-allocator-block-size=1048576"
    "memorysetup-temp-allocator-size-main=16777216"
    "memorysetup-job-temp-allocator-block-size=2097152"
    "memorysetup-job-temp-allocator-block-size-background=1048576"
    "memorysetup-job-temp-allocator-reduction-small-platforms=262144"
    "memorysetup-temp-allocator-size-background-worker=32768"
    "memorysetup-temp-allocator-size-job-worker=262144"
    "memorysetup-temp-allocator-size-preload-manager=33554432"
    "memorysetup-temp-allocator-size-nav-mesh-worker=65536"
    "memorysetup-temp-allocator-size-audio-worker=65536"
    "memorysetup-temp-allocator-size-cloud-worker=32768"
    "memorysetup-temp-allocator-size-gi-baking-worker=262144"
    "memorysetup-temp-allocator-size-gfx=262144"
Player connection [25900] Host "[IP] 192.168.1.15 [Port] 0 [Flags] 2 [Guid] 3932791238 [EditorId] 3932791238 [Version] 1048832 [Id] WindowsEditor(7,Matthew_Desktop) [Debug] 1 [PackageName] WindowsEditor [ProjectName] Editor" joined multi-casting on [225.0.0.222:54997]...

Player connection [25900] Host "[IP] 192.168.1.15 [Port] 0 [Flags] 2 [Guid] 3932791238 [EditorId] 3932791238 [Version] 1048832 [Id] WindowsEditor(7,Matthew_Desktop) [Debug] 1 [PackageName] WindowsEditor [ProjectName] Editor" joined alternative multi-casting on [225.0.0.222:34997]...

mdb reader table full -> cleaning up stale readers. Current readers:
    pid     thread     txnid
     16548 5eec -
     19496 3adc -
     20880 2858 -
     23044 57e4 -
     16352 55cc -
     12152 5ef0 -
     26736 3abc -
     20968 1d44 -
     19760 24b8 -
     16856 6c2c -
     27728 4af8 -
      2940 60fc -
     26764 5c30 -
     17420 140c -
      6948 4410 -
     19872 45c4 -
     14204 64dc -
     26644 3f08 -
     15056 53c0 -
     12716 296c -
     19664 22e0 -
     11112 bac -
     14912 7240 -
      7676 52c4 -
     15636 4290 -
       416 4f5c -
     17612 15fc -
      3216 2b30 -
     19284 5bf4 -
     16164 3dd4 -
     28708 3ef0 -
      5984 72f8 -
     19340 1004 -
     22936 11f8 -
     22764 3f68 -
     15784 6410 -
     28328 1aa8 -
     16228 4f3c -
     25932 6bd8 -
      6944 18b8 -
      9476 2f50 -
      6140 23f8 -
      5320 6518 -
      2200 59f4 -
     24432 cfc -
      9184 6fd0 -
     18548 69f0 -
     27164 58fc -
     29504 58a4 -
     29300 42c0 -
     14612 60f8 -
     11860 5dcc -
     15032 4140 -
     16696 fc0 -
     11176 c64 -
     17484 4ae8 -
      2972 3750 -
      5444 438c -
      5900 213c -
     19092 3f74 -
     18132 2544 -
     24892 19e8 -
     13836 2580 -
     24168 3344 -
     16388 22b4 -
     11544 3950 -
      4056 5d34 -
     18532 3d34 -
     10180 3f58 -
     16624 4df4 -
     15740 3b78 -
      8324 6640 -
     28844 6778 -
     24076 5c5c -
      2372 5f54 -
     17024 5798 -
     17296 4df8 -
     28240 5b0 -
     22544 69a4 -
     11692 3f1c -
     26804 5a40 -
      6896 6b00 -
     16272 21c8 -
      8980 5728 -
     22852 e18 -
      5852 d40 -
      5488 42d4 -
      3120 64a0 -
      8780 2ab4 -
     16476 3794 -
      7312 6074 -
      8784 515c -
     28060 181c -
      6036 54f4 -
     24152 dcc -
     21152 6cf0 -
     26724 1ca4 -
     15000 6c9c -
     19212 6bb4 -
     17372 3250 -
     20192 fcc -
     12036 6574 -
     23308 29f0 -
      2552 7b0 -
     16632 4590 -
     10512 1aac -
     20056 6174 -
     26164 8f0 -
      5044 4f38 -
     15916 7034 -
     21512 4908 -
     11076 6dcc -
      7484 3778 -
     26392 522c -
     15556 2c14 -
      7828 5f24 -
      7776 4668 -
      2540 56d0 -
     21420 1bf0 -
     19408 2f20 -
      9336 1a38 -
     14096 6d90 -
     24020 3414 -
     26268 5e24 -
      3316 41f0 -
     28376 72cc -
Cleaned out 125 stale readers
Refreshing native plugins compatible for Editor in 488.70 ms, found 4 plugins.
Preloading 0 native plugins for Editor in 0.00 ms.
Initialize engine version: 2021.3.20f1 (577897200b8b)
[Subsystems] Discovering subsystems at path D:/Software/Application/Unity Editors/2021.3.20f1/Editor/Data/Resources/UnitySubsystems
[Subsystems] Discovering subsystems at path D:/Data/Code/Unity/Game Assignment 2D Final/Assets
GfxDevice: creating device client; threaded=0; jobified=0
Direct3D:
    Version:  Direct3D 11.0 [level 11.1]
    Renderer: NVIDIA GeForce GTX 1050 (ID=0x1c81)
    Vendor:   NVIDIA
    VRAM:     1976 MB
    Driver:   31.0.15.3141
Initialize mono
Mono path[0] = 'D:/Software/Application/Unity Editors/2021.3.20f1/Editor/Data/Managed'
Mono path[1] = 'D:/Software/Application/Unity Editors/2021.3.20f1/Editor/Data/MonoBleedingEdge/lib/mono/unityjit-win32'
Mono config path = 'D:/Software/Application/Unity Editors/2021.3.20f1/Editor/Data/MonoBleedingEdge/etc'
Using monoOptions --debugger-agent=transport=dt_socket,embedding=1,server=y,suspend=n,address=127.0.0.1:56164
Begin MonoManager ReloadAssembly
Registering precompiled unity dll's ...
Register platform support module: D:/Software/Application/Unity Editors/2021.3.20f1/Editor/Data/PlaybackEngines/WebGLSupport/UnityEditor.WebGL.Extensions.dll
Register platform support module: D:/Software/Application/Unity Editors/2021.3.20f1/Editor/Data/PlaybackEngines/WindowsStandaloneSupport/UnityEditor.WindowsStandalone.Extensions.dll
Registered in 0.035951 seconds.
Native extension for WindowsStandalone target not found
Native extension for WebGL target not found
Refreshing native plugins compatible for Editor in 114.43 ms, found 4 plugins.
Preloading 0 native plugins for Editor in 0.00 ms.
Mono: successfully reloaded assembly
- Completed reload, in  1.478 seconds
Domain Reload Profiling:
	ReloadAssembly (1479ms)
		BeginReloadAssembly (537ms)
			ExecutionOrderSort (0ms)
			DisableScriptedObjects (0ms)
			BackupInstance (0ms)
			ReleaseScriptingObjects (0ms)
			CreateAndSetChildDomain (1ms)
		EndReloadAssembly (788ms)
			LoadAssemblies (547ms)
			RebuildTransferFunctionScriptingTraits (0ms)
			SetupTypeCache (169ms)
			ReleaseScriptCaches (0ms)
			RebuildScriptCaches (35ms)
			SetupLoadedEditorAssemblies (490ms)
				LogAssemblyErrors (0ms)
				InitializePlatformSupportModulesInManaged (9ms)
				SetLoadedEditorAssemblies (0ms)
				RefreshPlugins (115ms)
				BeforeProcessingInitializeOnLoad (3ms)
				ProcessInitializeOnLoadAttributes (280ms)
				ProcessInitializeOnLoadMethodAttributes (83ms)
				AfterProcessingInitializeOnLoad (0ms)
				EditorAssembliesLoaded (0ms)
			ExecutionOrderSort2 (0ms)
			AwakeInstancesAfterBackupRestoration (0ms)
Platform modules already initialized, skipping
Registering precompiled user dll's ...
Registered in 0.244437 seconds.
