Using pre-set license
Built from '2021.3/staging' branch; Version is '2021.3.20f1 (577897200b8b) revision 5732503'; Using compiler version '192829333'; Build Type 'Release'
OS: 'Windows 11  (10.0.22621) 64bit Core' Language: 'en' Physical Memory: 8105 MB
BatchMode: 1, IsHumanControllingUs: 0, StartBugReporterOnCrash: 0, Is64bit: 1, IsPro: 1

COMMAND LINE ARGUMENTS:
D:\Software\Application\Unity Editors\2021.3.20f1\Editor\Unity.exe
-adb2
-batchMode
-noUpm
-name
AssetImportWorker499
-projectPath
D:/Data/Code/Unity/Game Assignment 2D Final
-logFile
Logs/AssetImportWorker499.log
-srvPort
58783
Successfully changed project path to: D:/Data/Code/Unity/Game Assignment 2D Final
D:/Data/Code/Unity/Game Assignment 2D Final
[UnityMemory] Configuration Parameters - Can be set up in boot.config
    "memorysetup-bucket-allocator-granularity=16"
    "memorysetup-bucket-allocator-bucket-count=8"
    "memorysetup-bucket-allocator-block-size=33554432"
    "memorysetup-bucket-allocator-block-count=8"
    "memorysetup-main-allocator-block-size=16777216"
    "memorysetup-thread-allocator-block-size=16777216"
    "memorysetup-gfx-main-allocator-block-size=16777216"
    "memorysetup-gfx-thread-allocator-block-size=16777216"
    "memorysetup-cache-allocator-block-size=4194304"
    "memorysetup-typetree-allocator-block-size=2097152"
    "memorysetup-profiler-bucket-allocator-granularity=16"
    "memorysetup-profiler-bucket-allocator-bucket-count=8"
    "memorysetup-profiler-bucket-allocator-block-size=33554432"
    "memorysetup-profiler-bucket-allocator-block-count=8"
    "memorysetup-profiler-allocator-block-size=16777216"
    "memorysetup-profiler-editor-allocator-block-size=1048576"
    "memorysetup-temp-allocator-size-main=16777216"
    "memorysetup-job-temp-allocator-block-size=2097152"
    "memorysetup-job-temp-allocator-block-size-background=1048576"
    "memorysetup-job-temp-allocator-reduction-small-platforms=262144"
    "memorysetup-temp-allocator-size-background-worker=32768"
    "memorysetup-temp-allocator-size-job-worker=262144"
    "memorysetup-temp-allocator-size-preload-manager=33554432"
    "memorysetup-temp-allocator-size-nav-mesh-worker=65536"
    "memorysetup-temp-allocator-size-audio-worker=65536"
    "memorysetup-temp-allocator-size-cloud-worker=32768"
    "memorysetup-temp-allocator-size-gi-baking-worker=262144"
    "memorysetup-temp-allocator-size-gfx=262144"
Player connection [17224] Host "[IP] 192.168.1.15 [Port] 0 [Flags] 2 [Guid] 3350794138 [EditorId] 3350794138 [Version] 1048832 [Id] WindowsEditor(7,Matthew_Desktop) [Debug] 1 [PackageName] WindowsEditor [ProjectName] Editor" joined multi-casting on [225.0.0.222:54997]...

Player connection [17224] Host "[IP] 192.168.1.15 [Port] 0 [Flags] 2 [Guid] 3350794138 [EditorId] 3350794138 [Version] 1048832 [Id] WindowsEditor(7,Matthew_Desktop) [Debug] 1 [PackageName] WindowsEditor [ProjectName] Editor" joined alternative multi-casting on [225.0.0.222:34997]...

mdb reader table full -> cleaning up stale readers. Current readers:
    pid     thread     txnid
     16548 5eec -
     27964 6ef4 -
      8492 378 -
     12644 6a24 -
     12360 2148 -
     10544 37f8 -
     16760 7124 -
     11596 286c -
     29540 f64 -
     11684 23b0 -
     15716 2d84 -
      4896 4110 -
     15700 1c70 -
     20328 4474 -
     24496 3214 -
      4524 5d74 -
      4136 2e9c -
     22060 11e4 -
     18976 6bbc -
     27820 2288 -
      4088 3d04 -
     23576 1480 -
     27596 5230 -
      8528 42dc -
     10184 4be4 -
     25624 75e4 -
      8556 34ec -
     22556 7634 -
     22892 3ca8 -
      6452 6e30 -
     30272 764c -
     16464 69c0 -
     30692 25cc -
     15452 74e8 -
     30700 1a94 -
     18800 36ac -
      1168 1a98 -
     30492 2ec8 -
     11608 61bc -
     19232 412c -
     17944 434c -
     29748 2dd4 -
     26500 5c88 -
      5676 5c90 -
     18396 33a8 -
     29940 45b4 -
     19024 77d0 -
     30640 6d0c -
     30220 700 -
     23680 66dc -
      6528 2cbc -
     30224 4118 -
     16572 2e18 -
     23292 76e8 -
     29680 2fac -
      7760 4dc -
     30444 6c5c -
     23512 1580 -
     30008 3138 -
     30216 234c -
     26688 5ae4 -
     30092 4b50 -
     24596 7518 -
      8356 4fa4 -
     24968 73a4 -
     12916 341c -
     19312 7708 -
     17740 105c -
     22120 4a4 -
      6580 76dc -
     11048 244c -
     19832 4aac -
     21172 64b0 -
     16556 2ec0 -
      5088 45c0 -
     27872 57ac -
     30432 197c -
      6184 4080 -
     13376 765c -
      5884 61c4 -
     30608 220c -
     28084 5518 -
     19000 3390 -
     29076 1fc4 -
     26472 71c0 -
      6344 3b94 -
      8948 3dd0 -
      3900 2bb4 -
     29572 228c -
     30348 5418 -
     17468 601c -
     21260 740c -
     20908 6f10 -
      7604 1efc -
     13096 37a0 -
     17784 2efc -
     30308 20d8 -
     21280 6564 -
     30176 d0c -
     13932 5c40 -
     13428 2fbc -
     11872 4a10 -
     23528 1b6c -
      2708 60e8 -
      1160 4f9c -
      8644 118c -
     10800 77bc -
     24324 67b4 -
      5924 33a0 -
     11580 72b4 -
      2944 70c -
      4588 5b48 -
     23328 31d4 -
      2352 458 -
     26892 5ba4 -
     29892 3c3c -
      3992 67d8 -
     19120 7798 -
     13752 75bc -
     11216 5900 -
     11324 6614 -
     23296 11c0 -
     17628 7530 -
     13768 1b14 -
       136 7710 -
     26996 7144 -
Cleaned out 125 stale readers
Refreshing native plugins compatible for Editor in 231.63 ms, found 4 plugins.
Preloading 0 native plugins for Editor in 0.00 ms.
Initialize engine version: 2021.3.20f1 (577897200b8b)
[Subsystems] Discovering subsystems at path D:/Software/Application/Unity Editors/2021.3.20f1/Editor/Data/Resources/UnitySubsystems
[Subsystems] Discovering subsystems at path D:/Data/Code/Unity/Game Assignment 2D Final/Assets
GfxDevice: creating device client; threaded=0; jobified=0
Direct3D:
    Version:  Direct3D 11.0 [level 11.1]
    Renderer: NVIDIA GeForce GTX 1050 (ID=0x1c81)
    Vendor:   NVIDIA
    VRAM:     1976 MB
    Driver:   31.0.15.3141
Initialize mono
Mono path[0] = 'D:/Software/Application/Unity Editors/2021.3.20f1/Editor/Data/Managed'
Mono path[1] = 'D:/Software/Application/Unity Editors/2021.3.20f1/Editor/Data/MonoBleedingEdge/lib/mono/unityjit-win32'
Mono config path = 'D:/Software/Application/Unity Editors/2021.3.20f1/Editor/Data/MonoBleedingEdge/etc'
Using monoOptions --debugger-agent=transport=dt_socket,embedding=1,server=y,suspend=n,address=127.0.0.1:56808
Begin MonoManager ReloadAssembly
Registering precompiled unity dll's ...
Register platform support module: D:/Software/Application/Unity Editors/2021.3.20f1/Editor/Data/PlaybackEngines/WebGLSupport/UnityEditor.WebGL.Extensions.dll
Register platform support module: D:/Software/Application/Unity Editors/2021.3.20f1/Editor/Data/PlaybackEngines/WindowsStandaloneSupport/UnityEditor.WindowsStandalone.Extensions.dll
Registered in 0.041946 seconds.
Native extension for WindowsStandalone target not found
Native extension for WebGL target not found
Refreshing native plugins compatible for Editor in 269.74 ms, found 4 plugins.
Preloading 0 native plugins for Editor in 0.00 ms.
Mono: successfully reloaded assembly
- Completed reload, in  2.159 seconds
Domain Reload Profiling:
	ReloadAssembly (2160ms)
		BeginReloadAssembly (674ms)
			ExecutionOrderSort (0ms)
			DisableScriptedObjects (0ms)
			BackupInstance (0ms)
			ReleaseScriptingObjects (0ms)
			CreateAndSetChildDomain (1ms)
		EndReloadAssembly (1315ms)
			LoadAssemblies (685ms)
			RebuildTransferFunctionScriptingTraits (0ms)
			SetupTypeCache (292ms)
			ReleaseScriptCaches (0ms)
			RebuildScriptCaches (114ms)
			SetupLoadedEditorAssemblies (793ms)
				LogAssemblyErrors (0ms)
				InitializePlatformSupportModulesInManaged (16ms)
				SetLoadedEditorAssemblies (0ms)
				RefreshPlugins (270ms)
				BeforeProcessingInitializeOnLoad (27ms)
				ProcessInitializeOnLoadAttributes (321ms)
				ProcessInitializeOnLoadMethodAttributes (158ms)
				AfterProcessingInitializeOnLoad (0ms)
				EditorAssembliesLoaded (1ms)
			ExecutionOrderSort2 (0ms)
			AwakeInstancesAfterBackupRestoration (0ms)
Platform modules already initialized, skipping
Registering precompiled user dll's ...
Registered in 0.261621 seconds.
