Using pre-set license
Built from '2021.3/staging' branch; Version is '2021.3.20f1 (577897200b8b) revision 5732503'; Using compiler version '192829333'; Build Type 'Release'
OS: 'Windows 11  (10.0.22621) 64bit Core' Language: 'en' Physical Memory: 8105 MB
BatchMode: 1, IsHumanControllingUs: 0, StartBugReporterOnCrash: 0, Is64bit: 1, IsPro: 1

COMMAND LINE ARGUMENTS:
D:\Software\Application\Unity Editors\2021.3.20f1\Editor\Unity.exe
-adb2
-batchMode
-noUpm
-name
AssetImportWorker619
-projectPath
D:/Data/Code/Unity/Game Assignment 2D Final
-logFile
Logs/AssetImportWorker619.log
-srvPort
58783
Successfully changed project path to: D:/Data/Code/Unity/Game Assignment 2D Final
D:/Data/Code/Unity/Game Assignment 2D Final
[UnityMemory] Configuration Parameters - Can be set up in boot.config
    "memorysetup-bucket-allocator-granularity=16"
    "memorysetup-bucket-allocator-bucket-count=8"
    "memorysetup-bucket-allocator-block-size=33554432"
    "memorysetup-bucket-allocator-block-count=8"
    "memorysetup-main-allocator-block-size=16777216"
    "memorysetup-thread-allocator-block-size=16777216"
    "memorysetup-gfx-main-allocator-block-size=16777216"
    "memorysetup-gfx-thread-allocator-block-size=16777216"
    "memorysetup-cache-allocator-block-size=4194304"
    "memorysetup-typetree-allocator-block-size=2097152"
    "memorysetup-profiler-bucket-allocator-granularity=16"
    "memorysetup-profiler-bucket-allocator-bucket-count=8"
    "memorysetup-profiler-bucket-allocator-block-size=33554432"
    "memorysetup-profiler-bucket-allocator-block-count=8"
    "memorysetup-profiler-allocator-block-size=16777216"
    "memorysetup-profiler-editor-allocator-block-size=1048576"
    "memorysetup-temp-allocator-size-main=16777216"
    "memorysetup-job-temp-allocator-block-size=2097152"
    "memorysetup-job-temp-allocator-block-size-background=1048576"
    "memorysetup-job-temp-allocator-reduction-small-platforms=262144"
    "memorysetup-temp-allocator-size-background-worker=32768"
    "memorysetup-temp-allocator-size-job-worker=262144"
    "memorysetup-temp-allocator-size-preload-manager=33554432"
    "memorysetup-temp-allocator-size-nav-mesh-worker=65536"
    "memorysetup-temp-allocator-size-audio-worker=65536"
    "memorysetup-temp-allocator-size-cloud-worker=32768"
    "memorysetup-temp-allocator-size-gi-baking-worker=262144"
    "memorysetup-temp-allocator-size-gfx=262144"
Player connection [6492] Host "[IP] 192.168.1.15 [Port] 0 [Flags] 2 [Guid] 2135435766 [EditorId] 2135435766 [Version] 1048832 [Id] WindowsEditor(7,Matthew_Desktop) [Debug] 1 [PackageName] WindowsEditor [ProjectName] Editor" joined multi-casting on [225.0.0.222:54997]...

Player connection [6492] Host "[IP] 192.168.1.15 [Port] 0 [Flags] 2 [Guid] 2135435766 [EditorId] 2135435766 [Version] 1048832 [Id] WindowsEditor(7,Matthew_Desktop) [Debug] 1 [PackageName] WindowsEditor [ProjectName] Editor" joined alternative multi-casting on [225.0.0.222:34997]...

mdb reader table full -> cleaning up stale readers. Current readers:
    pid     thread     txnid
     16548 5eec -
     17628 7530 -
     16548 67f0 -
     13768 1b14 -
       136 7710 -
     26996 7144 -
     29808 4348 -
     10112 2078 -
      2564 21e4 -
      5280 643c -
     30612 1594 -
     24840 543c -
     25580 7724 -
     25704 6e0c -
     18584 48a0 -
     11212 77d4 -
     28848 1b04 -
     12632 6a98 -
     16052 5974 -
      7968 21a8 -
     14312 747c -
     14392 78ec -
     30436 58e8 -
     31548 79bc -
     12256 f7c -
      1140 78a0 -
     26528 754c -
     30544 4604 -
     20548 786c -
     20788 7840 -
     32596 7f58 -
     31868 7c80 -
     32244 74f0 -
     33552 82e4 -
     19576 6578 -
     18712 5f58 -
     31100 1b18 -
      8664 8318 -
     22280 1424 -
     19436 7744 -
     32088 1b50 -
      4128 1c94 -
     30096 7880 -
     14648 6b48 -
     31244 7a94 -
     31908 7a74 -
     29776 7e1c -
     13580 2f74 -
     32388 7e90 -
     31912 7818 -
     32824 6610 -
     33036 1d08 -
      4280 7a4c -
     31376 6454 -
     32688 63b4 -
      4140 6ccc -
     21452 7a14 -
      7228 6a04 -
     24140 6d68 -
     31628 6eec -
     24772 82a8 -
     26660 83d4 -
     33152 7bcc -
     33520 6d84 -
     16212 3fd0 -
     27324 914 -
      4304 4850 -
     33332 7c10 -
      2292 4ea0 -
     31980 1840 -
      3528 5574 -
     32100 7ffc -
     26440 7644 -
      4520 7ea4 -
     18344 c48 -
     32000 78c8 -
     30888 7d14 -
      3552 7828 -
     31432 2a00 -
     27468 82a0 -
     30280 699c -
     14352 73e4 -
     32312 607c -
     27544 66e4 -
     23316 69fc -
     32280 8380 -
     31084 6710 -
     33468 6078 -
     29792 7958 -
     33492 65f0 -
     31184 81dc -
     30456 17d4 -
     16308 59fc -
     33008 6afc -
     33572 783c -
     32780 3878 -
      3128 657c -
     33592 33d8 -
     18468 6dd4 -
     31300 6e2c -
     31268 8160 -
     31384 71cc -
     30764 672c -
     31352 82f8 -
     19328 8228 -
     26228 7490 -
     31640 80d0 -
     15520 4d64 -
     31812 7804 -
      9896 7abc -
     10176 8094 -
     31924 8008 -
      3664 7b28 -
     33048 21c0 -
     10764 52c -
     32432 5bfc -
     12584 8158 -
     26936 83f0 -
     30488 7f64 -
     32264 7c88 -
     31112 5250 -
     32384 7854 -
     18936 8358 -
     31372 2004 -
     33168 839c -
     21044 81d8 -
Cleaned out 124 stale readers
Refreshing native plugins compatible for Editor in 779.86 ms, found 4 plugins.
Preloading 0 native plugins for Editor in 0.00 ms.
Initialize engine version: 2021.3.20f1 (577897200b8b)
[Subsystems] Discovering subsystems at path D:/Software/Application/Unity Editors/2021.3.20f1/Editor/Data/Resources/UnitySubsystems
[Subsystems] Discovering subsystems at path D:/Data/Code/Unity/Game Assignment 2D Final/Assets
GfxDevice: creating device client; threaded=0; jobified=0
Direct3D:
    Version:  Direct3D 11.0 [level 11.1]
    Renderer: NVIDIA GeForce GTX 1050 (ID=0x1c81)
    Vendor:   NVIDIA
    VRAM:     1976 MB
    Driver:   31.0.15.3141
Initialize mono
Mono path[0] = 'D:/Software/Application/Unity Editors/2021.3.20f1/Editor/Data/Managed'
Mono path[1] = 'D:/Software/Application/Unity Editors/2021.3.20f1/Editor/Data/MonoBleedingEdge/lib/mono/unityjit-win32'
Mono config path = 'D:/Software/Application/Unity Editors/2021.3.20f1/Editor/Data/MonoBleedingEdge/etc'
Using monoOptions --debugger-agent=transport=dt_socket,embedding=1,server=y,suspend=n,address=127.0.0.1:56852
Begin MonoManager ReloadAssembly
Registering precompiled unity dll's ...
Register platform support module: D:/Software/Application/Unity Editors/2021.3.20f1/Editor/Data/PlaybackEngines/WebGLSupport/UnityEditor.WebGL.Extensions.dll
Register platform support module: D:/Software/Application/Unity Editors/2021.3.20f1/Editor/Data/PlaybackEngines/WindowsStandaloneSupport/UnityEditor.WindowsStandalone.Extensions.dll
Registered in 0.041147 seconds.
Native extension for WindowsStandalone target not found
Native extension for WebGL target not found
Refreshing native plugins compatible for Editor in 151.22 ms, found 4 plugins.
Preloading 0 native plugins for Editor in 0.00 ms.
Mono: successfully reloaded assembly
- Completed reload, in  1.888 seconds
Domain Reload Profiling:
	ReloadAssembly (1889ms)
		BeginReloadAssembly (724ms)
			ExecutionOrderSort (0ms)
			DisableScriptedObjects (0ms)
			BackupInstance (0ms)
			ReleaseScriptingObjects (0ms)
			CreateAndSetChildDomain (1ms)
		EndReloadAssembly (896ms)
			LoadAssemblies (732ms)
			RebuildTransferFunctionScriptingTraits (0ms)
			SetupTypeCache (230ms)
			ReleaseScriptCaches (0ms)
			RebuildScriptCaches (54ms)
			SetupLoadedEditorAssemblies (512ms)
				LogAssemblyErrors (0ms)
				InitializePlatformSupportModulesInManaged (13ms)
				SetLoadedEditorAssemblies (0ms)
				RefreshPlugins (151ms)
				BeforeProcessingInitializeOnLoad (1ms)
				ProcessInitializeOnLoadAttributes (245ms)
				ProcessInitializeOnLoadMethodAttributes (101ms)
				AfterProcessingInitializeOnLoad (0ms)
				EditorAssembliesLoaded (0ms)
			ExecutionOrderSort2 (0ms)
			AwakeInstancesAfterBackupRestoration (0ms)
Platform modules already initialized, skipping
Registering precompiled user dll's ...
Registered in 0.076405 seconds.
