Using pre-set license
Built from '2021.3/staging' branch; Version is '2021.3.20f1 (577897200b8b) revision 5732503'; Using compiler version '192829333'; Build Type 'Release'
OS: 'Windows 11  (10.0.22621) 64bit Core' Language: 'en' Physical Memory: 8105 MB
BatchMode: 1, IsHumanControllingUs: 0, StartBugReporterOnCrash: 0, Is64bit: 1, IsPro: 1

COMMAND LINE ARGUMENTS:
D:\Software\Application\Unity Editors\2021.3.20f1\Editor\Unity.exe
-adb2
-batchMode
-noUpm
-name
AssetImportWorker749
-projectPath
D:/Data/Code/Unity/Game Assignment 2D Final
-logFile
Logs/AssetImportWorker749.log
-srvPort
58783
Successfully changed project path to: D:/Data/Code/Unity/Game Assignment 2D Final
D:/Data/Code/Unity/Game Assignment 2D Final
[UnityMemory] Configuration Parameters - Can be set up in boot.config
    "memorysetup-bucket-allocator-granularity=16"
    "memorysetup-bucket-allocator-bucket-count=8"
    "memorysetup-bucket-allocator-block-size=33554432"
    "memorysetup-bucket-allocator-block-count=8"
    "memorysetup-main-allocator-block-size=16777216"
    "memorysetup-thread-allocator-block-size=16777216"
    "memorysetup-gfx-main-allocator-block-size=16777216"
    "memorysetup-gfx-thread-allocator-block-size=16777216"
    "memorysetup-cache-allocator-block-size=4194304"
    "memorysetup-typetree-allocator-block-size=2097152"
    "memorysetup-profiler-bucket-allocator-granularity=16"
    "memorysetup-profiler-bucket-allocator-bucket-count=8"
    "memorysetup-profiler-bucket-allocator-block-size=33554432"
    "memorysetup-profiler-bucket-allocator-block-count=8"
    "memorysetup-profiler-allocator-block-size=16777216"
    "memorysetup-profiler-editor-allocator-block-size=1048576"
    "memorysetup-temp-allocator-size-main=16777216"
    "memorysetup-job-temp-allocator-block-size=2097152"
    "memorysetup-job-temp-allocator-block-size-background=1048576"
    "memorysetup-job-temp-allocator-reduction-small-platforms=262144"
    "memorysetup-temp-allocator-size-background-worker=32768"
    "memorysetup-temp-allocator-size-job-worker=262144"
    "memorysetup-temp-allocator-size-preload-manager=33554432"
    "memorysetup-temp-allocator-size-nav-mesh-worker=65536"
    "memorysetup-temp-allocator-size-audio-worker=65536"
    "memorysetup-temp-allocator-size-cloud-worker=32768"
    "memorysetup-temp-allocator-size-gi-baking-worker=262144"
    "memorysetup-temp-allocator-size-gfx=262144"
Player connection [30876] Host "[IP] 192.168.1.15 [Port] 0 [Flags] 2 [Guid] 3617866690 [EditorId] 3617866690 [Version] 1048832 [Id] WindowsEditor(7,Matthew_Desktop) [Debug] 1 [PackageName] WindowsEditor [ProjectName] Editor" joined multi-casting on [225.0.0.222:54997]...

Player connection [30876] Host "[IP] 192.168.1.15 [Port] 0 [Flags] 2 [Guid] 3617866690 [EditorId] 3617866690 [Version] 1048832 [Id] WindowsEditor(7,Matthew_Desktop) [Debug] 1 [PackageName] WindowsEditor [ProjectName] Editor" joined alternative multi-casting on [225.0.0.222:34997]...

mdb reader table full -> cleaning up stale readers. Current readers:
    pid     thread     txnid
     16548 5eec -
     18108 80dc -
     33184 38cc -
     31920 7db4 -
     19580 8304 -
     13396 801c -
     32588 30f0 -
     32880 70cc -
     31124 792c -
     33852 8440 -
     12856 1d64 -
     15472 23d8 -
     33988 7eb4 -
     10472 862c -
      6128 5d6c -
     17216 7128 -
     29028 875c -
     29968 172c -
     32832 5dac -
     30752 7d60 -
     31592 87d0 -
     30296 32d0 -
     16036 8544 -
     33772 79e0 -
     10588 8514 -
     30972 7e60 -
     17704 8424 -
     21060 1854 -
     34288 2138 -
     17044 4bf8 -
     27212 860c -
      8152 8548 -
      9324 49a0 -
     34224 3258 -
     11396 87a0 -
     33660 7da4 -
      3812 7d78 -
     27024 86f0 -
     35800 8bdc -
     32460 39a4 -
     34500 821c -
     32144 4bb4 -
      3800 8698 -
     19924 3cd0 -
     34380 88f4 -
     35232 8460 -
     34844 7f00 -
     35688 7ec4 -
     24216 7fb8 -
     34472 88dc -
     32888 88ec -
     26220 d6c -
     26084 1c24 -
     17888 84b8 -
     23088 85c4 -
     30304 8504 -
      1388 885c -
     29788 84f4 -
     19952 8798 -
     26776 824c -
     34744 2704 -
      8452 86e8 -
     34696 8904 -
     31012 85f8 -
     14908 8684 -
       248 84d4 -
     12364 5fc0 -
     31668 4f84 -
     34084 4c0c -
     34096 89cc -
     34240 7a7c -
     30604 2934 -
     30408 8754 -
     35008 88ac -
     29008 8458 -
     35524 7fc0 -
     31052 871c -
     33128 8a68 -
     25004 3aa4 -
      9612 4cd8 -
     25564 523c -
     25024 2ce8 -
     18064 4ba8 -
     27056 25ec -
     33960 4e48 -
     18196 2694 -
     33932 879c -
     31472 82dc -
      5804 8898 -
      8448 88e8 -
     34264 2220 -
     32156 80a8 -
     33368 79c0 -
     24000 5c10 -
     35832 6d50 -
     16756 682c -
     34212 835c -
     35636 7bf0 -
     30548 d3c -
     34904 8768 -
     35400 8888 -
     32664 695c -
     32340 5228 -
     16040 5504 -
     33876 4acc -
     36400 8e34 -
     36028 8cb4 -
     30080 86dc -
     34868 7b40 -
     29868 44ac -
     34936 6820 -
     36844 12d0 -
     34784 69f4 -
     26452 8f24 -
      8772 315c -
      6744 8140 -
     32456 7a5c -
     26756 8aa8 -
     32004 7de0 -
     21640 81f0 -
     35376 8c10 -
     23032 2ee8 -
     35852 76a4 -
     34424 8b10 -
     36424 31e0 -
     26716 8278 -
Cleaned out 125 stale readers
Refreshing native plugins compatible for Editor in 404.87 ms, found 4 plugins.
Preloading 0 native plugins for Editor in 0.00 ms.
Initialize engine version: 2021.3.20f1 (577897200b8b)
[Subsystems] Discovering subsystems at path D:/Software/Application/Unity Editors/2021.3.20f1/Editor/Data/Resources/UnitySubsystems
[Subsystems] Discovering subsystems at path D:/Data/Code/Unity/Game Assignment 2D Final/Assets
GfxDevice: creating device client; threaded=0; jobified=0
Direct3D:
    Version:  Direct3D 11.0 [level 11.1]
    Renderer: NVIDIA GeForce GTX 1050 (ID=0x1c81)
    Vendor:   NVIDIA
    VRAM:     1976 MB
    Driver:   31.0.15.3141
Initialize mono
Mono path[0] = 'D:/Software/Application/Unity Editors/2021.3.20f1/Editor/Data/Managed'
Mono path[1] = 'D:/Software/Application/Unity Editors/2021.3.20f1/Editor/Data/MonoBleedingEdge/lib/mono/unityjit-win32'
Mono config path = 'D:/Software/Application/Unity Editors/2021.3.20f1/Editor/Data/MonoBleedingEdge/etc'
Using monoOptions --debugger-agent=transport=dt_socket,embedding=1,server=y,suspend=n,address=127.0.0.1:56760
Begin MonoManager ReloadAssembly
Registering precompiled unity dll's ...
Register platform support module: D:/Software/Application/Unity Editors/2021.3.20f1/Editor/Data/PlaybackEngines/WebGLSupport/UnityEditor.WebGL.Extensions.dll
Register platform support module: D:/Software/Application/Unity Editors/2021.3.20f1/Editor/Data/PlaybackEngines/WindowsStandaloneSupport/UnityEditor.WindowsStandalone.Extensions.dll
Registered in 0.027833 seconds.
Native extension for WindowsStandalone target not found
Native extension for WebGL target not found
Refreshing native plugins compatible for Editor in 113.73 ms, found 4 plugins.
Preloading 0 native plugins for Editor in 0.00 ms.
Mono: successfully reloaded assembly
- Completed reload, in  1.583 seconds
Domain Reload Profiling:
	ReloadAssembly (1584ms)
		BeginReloadAssembly (629ms)
			ExecutionOrderSort (0ms)
			DisableScriptedObjects (0ms)
			BackupInstance (0ms)
			ReleaseScriptingObjects (0ms)
			CreateAndSetChildDomain (1ms)
		EndReloadAssembly (784ms)
			LoadAssemblies (644ms)
			RebuildTransferFunctionScriptingTraits (0ms)
			SetupTypeCache (228ms)
			ReleaseScriptCaches (0ms)
			RebuildScriptCaches (36ms)
			SetupLoadedEditorAssemblies (440ms)
				LogAssemblyErrors (0ms)
				InitializePlatformSupportModulesInManaged (9ms)
				SetLoadedEditorAssemblies (0ms)
				RefreshPlugins (114ms)
				BeforeProcessingInitializeOnLoad (1ms)
				ProcessInitializeOnLoadAttributes (229ms)
				ProcessInitializeOnLoadMethodAttributes (86ms)
				AfterProcessingInitializeOnLoad (0ms)
				EditorAssembliesLoaded (0ms)
			ExecutionOrderSort2 (0ms)
			AwakeInstancesAfterBackupRestoration (0ms)
Platform modules already initialized, skipping
Registering precompiled user dll's ...
Registered in 0.240847 seconds.
